


<!DOCTYPE html>
<html lang="en">
<head>
	<meta charset="utf-8" />
	<title>ExtentReports</title>
	<meta name="description" content="extent" />
	<meta name="viewport" content="width=device-width, initial-scale=1, maximum-scale=1, minimal-ui" />
	<meta http-equiv="X-UA-Compatible" content="IE=edge">
	<meta name="apple-mobile-web-app-capable" content="yes">
	<meta name="apple-mobile-web-app-status-barstyle" content="black-translucent">
	<meta name="apple-mobile-web-app-title" content="extent">
	<meta name="mobile-web-app-capable" content="yes">
	<link rel="stylesheet" href="https://cdnjs.cloudflare.com/ajax/libs/font-awesome/4.7.0/css/font-awesome.min.css">
	<link rel="stylesheet" href="https://cdn.rawgit.com/extent-framework/extent-github-cdn/d74480e/logger/css/logger-style.css" type="text/css" />
</head>
	<script type="text/javascript">
		/*! json-tree - v0.2.2 - 2017-09-25, MIT LICENSE */
		var JSONTree=function(){var n={"&":"&amp;","<":"&lt;",">":"&gt;",'"':"&quot;","'":"&#x27;","/":"&#x2F;"},t=0,r=0;this.create=function(n,t){return r+=1,N(u(n,0,!1),{class:"jstValue"})};var e=function(t){return t.replace(/[&<>'"]/g,function(t){return n[t]})},s=function(){return r+"_"+t++},u=function(n,t,r){if(null===n)return f(r?t:0);switch(typeof n){case"boolean":return l(n,r?t:0);case"number":return i(n,r?t:0);case"string":return o(n,r?t:0);default:return n instanceof Array?a(n,t,r):c(n,t,r)}},c=function(n,t,r){var e=s(),u=Object.keys(n).map(function(r){return j(r,n[r],t+1,!0)}).join(m()),c=[g("{",r?t:0,e),N(u,{id:e}),p("}",t)].join("\n");return N(c,{})},a=function(n,t,r){var e=s(),c=n.map(function(n){return u(n,t+1,!0)}).join(m());return[g("[",r?t:0,e),N(c,{id:e}),p("]",t)].join("\n")},o=function(n,t){var r=e(JSON.stringify(n));return N(v(r,t),{class:"jstStr"})},i=function(n,t){return N(v(n,t),{class:"jstNum"})},l=function(n,t){return N(v(n,t),{class:"jstBool"})},f=function(n){return N(v("null",n),{class:"jstNull"})},j=function(n,t,r){var s=v(e(JSON.stringify(n))+": ",r),c=N(u(t,r,!1),{});return N(s+c,{class:"jstProperty"})},m=function(){return N(",\n",{class:"jstComma"})},N=function(n,t){return d("span",t,n)},d=function(n,t,r){return"<"+n+Object.keys(t).map(function(n){return" "+n+'="'+t[n]+'"'}).join("")+">"+r+"</"+n+">"},g=function(n,t,r){return N(v(n,t),{class:"jstBracket"})+N("",{class:"jstFold",onclick:"JSONTree.toggle('"+r+"')"})};this.toggle=function(n){var t=document.getElementById(n),r=t.parentNode,e=t.previousElementSibling;""===t.className?(t.className="jstHiddenBlock",r.className="jstFolded",e.className="jstExpand"):(t.className="",r.className="",e.className="jstFold")};var p=function(n,t){return N(v(n,t),{})},v=function(n,t){return Array(2*t+1).join(" ")+n};return this}();
	</script>
	<body class="standard">
		<div class="app" id="app">
<div id="aside" class="app-aside fade box-shadow-x folded dark">
	<div class="sidenav modal-dialog dk">
		<div class="navbar">
			<a href="#" class="navbar-brand">
			<span class="d-inline small"><img src="https://cdn.rawgit.com/extent-framework/extent-github-cdn/d74480e/commons/img/logo.png"></span>
			</a>
		</div>
		<div class="flex hide-scroll">
			<div class="scroll">
				<div class="nav-border b-primary">
					<ul class="nav bg">
						<li>
							<a href="index.html">
							<span class="nav-icon">
							<i class="fa fa-align-left"></i>
							</span>
							<span class="nav-text">Tests</span>
							</a>
						</li>
												<li>
							<a href="tag.html">
							<span class="nav-icon">
							<i class="fa fa-tag"></i>
							</span>
							<span class="nav-text">Tags</span>
							</a>
						</li>
						<li>
							<a href="exception.html">
							<span class="nav-icon">
							<i class="fa fa-warning"></i>
							</span>
							<span class="nav-text">Exceptions</span>
							</a>
						</li>
						<li>
							<a href="dashboard.html">
							<span class="nav-icon">
							<i class="fa fa-dashboard"></i>
							</span>
							<span class="nav-text">Dashboard</span>
							</a>
						</li>
						<li class="pb-2 hidden-folded"></li>
					</ul>
				</div>
			</div>
		</div>
		<div class="no-shrink">
			<div class="nav-fold">
				<a id="lightsout" class="d-flex p-2-3"><span><i class="fa fa-desktop"></i></span></a>
				<div class="hidden-folded flex p-2-3 bg">
					<div class="d-flex p-1">
						<a href="http://github.com/extent-framework/extentreports" class="flex text-nowrap"><i class="fa fa-github"></i></a>
						<a href="http://extentreports.com" class="px-2"><i class="fa fa-book"></i></a>
					</div>
				</div>
			</div>
		</div>
	</div>
</div>			<div id="content" class="app-content box-shadow-0" role="main">
				<div id="content" class="app-content box-shadow-2 box-radius-2" role="main">
					<div class="content-header white  box-shadow-2" id="content-header">
						<div class="navbar navbar-expand-lg">
							<div class="input-group flex mr-1">
				              	<input id="qt" type="text" class="form-control px-0 no-bg no-border no-shadow search" placeholder="Search..." required="">
				              	<span class="input-group-btn">
				                	<button class="btn no-bg no-border no-shadow" type="button"><i class="fa fa-search text-muted text-xs"></i></button>
				              	</span>
				            </div>
							<ul class="nav nav-xs flex-row no-border pull-right">
								<li class="nav-item dropdown">
									<a class="nav-link b-l" data-toggle="dropdown">
									<span class="text-xs">
									<i class="fa fa-warning"></i>
									<i class="fa fa-caret-down"></i>
									</span>
									</a>
									<div class="dropdown-menu pt-0 mt-2 animate fadeIn">
										
										<a class="dropdown-item" href="#"><span class="tf" status="fail"><i class="fa fa-dot-circle-o text-danger"></i>Fail</span></a>
										
										
										
										<a class="dropdown-item" href="#"><span class="tf" status="skip"><i class="fa fa-dot-circle-o text-blue"></i>Skip</span></a>
										<div class="dropdown-divider"></div>
										<a class="dropdown-item" href="#"><span class="tf" status="clear"><i class="fa fa-dot-circle-o text-warn"></i>Clear</span></a>
									</div>
								</li>
						        <li class="nav-item dropdown">
							        <a class="nav-link b-l" data-toggle="dropdown">
							            <span class="text-xs">
								      		<i class="fa fa-tag"></i>
								      		<i class="fa fa-caret-down"></i>
								        </span>
							        </a>
							        <div class="dropdown-menu pt-0 mt-2 animate fadeIn">
						    	        <a class="dropdown-item" href="#"><span class="cf">@Test</span></a>
						    	        <div class="dropdown-divider"></div>
						    	        <a class="dropdown-item" href="#"><span class="tf" status="clear"><i class="fa fa-dot-circle-o text-warn"></i>Clear</span></a>
						    	      </div>
						        </li>
						        <li class="nav-item lightsout"><a class="nav-link b-l" href="#"><span><i class="fa fa-desktop"></i></span></a></li>
								<li><a href="#" class="b-l"><span class="badge badge-pull">ExtentReports</span></a></li>
								<li><a href="#" class="b-l"><span class="badge badge-pull">4.0</span></a></li>
							</ul>
						</div>
					</div>
					<div class="content-main " id="content-main">
						<div class="padding">
							<div class="row justify-content-md-center">
								<div class="col-md-8 col-sm-12">
									<div class="logger-content">
										<h6 class="mb-3 ml-1">Test Logs</h6>
											<div class="tsc" status="fail">
											<div class="st fail test l0" 
												tags="@Test"
												devices="">
												<span class="tt">02.19.2022 16:45:26</span>&nbsp;
												<span class="ts">fail</span>&nbsp;&nbsp;
												<span class="tn">[Test Google search funcionality.] started</span>
												<span class="category-list">
													<span class="category badge"><i class="fa fa-tag"></i> @Test</span>
												</span>
												
											</div>
											<div class="st fail test l1" 
												tags="@Test"
												devices="">
												<span class="tt">02.19.2022 16:45:26</span>&nbsp;
												<span class="ts">fail</span>&nbsp;&nbsp;
												<span class="tn">|---[As a user I enter a search criteria in Google.] started</span>
												<span class="category-list">
													<span class="category badge"><i class="fa fa-tag"></i> @Test</span>
												</span>
												
											</div>
											<div class="st fail test l2" 
												tags=""
												devices="">
												<span class="tt">02.19.2022 16:45:26</span>&nbsp;
												<span class="ts">fail</span>&nbsp;&nbsp;
												<span class="tn">&nbsp;&nbsp;&nbsp;&nbsp;|---[Given I am on the Google search page] started</span>
												
												<div class="st fail">
													<span class="tt">02.19.2022 16:45:26</span>&nbsp;
													<span class="ts">fail</span>&nbsp;&nbsp; 
													<span class="tn">&nbsp;&nbsp;&nbsp;&nbsp;|---[Given I am on the Google search page]</span>
													
													<span class="td">threw an exception<br><textarea disabled class="code-block">cucumber.runtime.CucumberException: Failed to instantiate class steps.GoogleSteps
	at cucumber.runtime.java.DefaultJavaObjectFactory.cacheNewInstance(DefaultJavaObjectFactory.java:47)
	at cucumber.runtime.java.DefaultJavaObjectFactory.getInstance(DefaultJavaObjectFactory.java:33)
	at cucumber.runtime.java.JavaStepDefinition.execute(JavaStepDefinition.java:49)
	at cucumber.runner.PickleStepDefinitionMatch.runStep(PickleStepDefinitionMatch.java:50)
	at cucumber.runner.TestStep.executeStep(TestStep.java:63)
	at cucumber.runner.TestStep.run(TestStep.java:49)
	at cucumber.runner.PickleStepTestStep.run(PickleStepTestStep.java:43)
	at cucumber.runner.TestCase.run(TestCase.java:44)
	at cucumber.runner.Runner.runPickle(Runner.java:40)
	at cucumber.runtime.junit.PickleRunners$NoStepDescriptions.run(PickleRunners.java:146)
	at cucumber.runtime.junit.FeatureRunner.runChild(FeatureRunner.java:68)
	at cucumber.runtime.junit.FeatureRunner.runChild(FeatureRunner.java:23)
	at org.junit.runners.ParentRunner$4.run(ParentRunner.java:331)
	at org.junit.runners.ParentRunner$1.schedule(ParentRunner.java:79)
	at org.junit.runners.ParentRunner.runChildren(ParentRunner.java:329)
	at org.junit.runners.ParentRunner.access$100(ParentRunner.java:66)
	at org.junit.runners.ParentRunner$2.evaluate(ParentRunner.java:293)
	at org.junit.runners.ParentRunner$3.evaluate(ParentRunner.java:306)
	at org.junit.runners.ParentRunner.run(ParentRunner.java:413)
	at cucumber.runtime.junit.FeatureRunner.run(FeatureRunner.java:73)
	at cucumber.api.junit.Cucumber.runChild(Cucumber.java:124)
	at cucumber.api.junit.Cucumber.runChild(Cucumber.java:65)
	at org.junit.runners.ParentRunner$4.run(ParentRunner.java:331)
	at org.junit.runners.ParentRunner$1.schedule(ParentRunner.java:79)
	at org.junit.runners.ParentRunner.runChildren(ParentRunner.java:329)
	at org.junit.runners.ParentRunner.access$100(ParentRunner.java:66)
	at org.junit.runners.ParentRunner$2.evaluate(ParentRunner.java:293)
	at cucumber.api.junit.Cucumber$1.evaluate(Cucumber.java:133)
	at org.junit.internal.runners.statements.RunAfters.evaluate(RunAfters.java:27)
	at org.junit.runners.ParentRunner$3.evaluate(ParentRunner.java:306)
	at org.junit.runners.ParentRunner.run(ParentRunner.java:413)
	at org.gradle.api.internal.tasks.testing.junit.JUnitTestClassExecutor.runTestClass(JUnitTestClassExecutor.java:110)
	at org.gradle.api.internal.tasks.testing.junit.JUnitTestClassExecutor.execute(JUnitTestClassExecutor.java:58)
	at org.gradle.api.internal.tasks.testing.junit.JUnitTestClassExecutor.execute(JUnitTestClassExecutor.java:38)
	at org.gradle.api.internal.tasks.testing.junit.AbstractJUnitTestClassProcessor.processTestClass(AbstractJUnitTestClassProcessor.java:62)
	at org.gradle.api.internal.tasks.testing.SuiteTestClassProcessor.processTestClass(SuiteTestClassProcessor.java:51)
	at java.base/jdk.internal.reflect.NativeMethodAccessorImpl.invoke0(Native Method)
	at java.base/jdk.internal.reflect.NativeMethodAccessorImpl.invoke(NativeMethodAccessorImpl.java:62)
	at java.base/jdk.internal.reflect.DelegatingMethodAccessorImpl.invoke(DelegatingMethodAccessorImpl.java:43)
	at java.base/java.lang.reflect.Method.invoke(Method.java:566)
	at org.gradle.internal.dispatch.ReflectionDispatch.dispatch(ReflectionDispatch.java:36)
	at org.gradle.internal.dispatch.ReflectionDispatch.dispatch(ReflectionDispatch.java:24)
	at org.gradle.internal.dispatch.ContextClassLoaderDispatch.dispatch(ContextClassLoaderDispatch.java:33)
	at org.gradle.internal.dispatch.ProxyDispatchAdapter$DispatchingInvocationHandler.invoke(ProxyDispatchAdapter.java:94)
	at com.sun.proxy.$Proxy2.processTestClass(Unknown Source)
	at org.gradle.api.internal.tasks.testing.worker.TestWorker$2.run(TestWorker.java:176)
	at org.gradle.api.internal.tasks.testing.worker.TestWorker.executeAndMaintainThreadName(TestWorker.java:129)
	at org.gradle.api.internal.tasks.testing.worker.TestWorker.execute(TestWorker.java:100)
	at org.gradle.api.internal.tasks.testing.worker.TestWorker.execute(TestWorker.java:60)
	at org.gradle.process.internal.worker.child.ActionExecutionWorker.execute(ActionExecutionWorker.java:56)
	at org.gradle.process.internal.worker.child.SystemApplicationClassLoaderWorker.call(SystemApplicationClassLoaderWorker.java:133)
	at org.gradle.process.internal.worker.child.SystemApplicationClassLoaderWorker.call(SystemApplicationClassLoaderWorker.java:71)
	at worker.org.gradle.process.internal.worker.GradleWorkerMain.run(GradleWorkerMain.java:69)
	at worker.org.gradle.process.internal.worker.GradleWorkerMain.main(GradleWorkerMain.java:74)
Caused by: java.lang.reflect.InvocationTargetException
	at java.base/jdk.internal.reflect.NativeConstructorAccessorImpl.newInstance0(Native Method)
	at java.base/jdk.internal.reflect.NativeConstructorAccessorImpl.newInstance(NativeConstructorAccessorImpl.java:62)
	at java.base/jdk.internal.reflect.DelegatingConstructorAccessorImpl.newInstance(DelegatingConstructorAccessorImpl.java:45)
	at java.base/java.lang.reflect.Constructor.newInstance(Constructor.java:490)
	at cucumber.runtime.java.DefaultJavaObjectFactory.cacheNewInstance(DefaultJavaObjectFactory.java:41)
	... 53 more
Caused by: java.lang.ExceptionInInitializerError
	at steps.GoogleSteps.<init>(GoogleSteps.java:14)
	... 58 more
Caused by: java.lang.IllegalStateException: The path to the driver executable must be set by the webdriver.chrome.driver system property; for more information, see https://github.com/SeleniumHQ/selenium/wiki/ChromeDriver. The latest version can be downloaded from http://chromedriver.storage.googleapis.com/index.html
	at com.google.common.base.Preconditions.checkState(Preconditions.java:847)
	at org.openqa.selenium.remote.service.DriverService.findExecutable(DriverService.java:134)
	at org.openqa.selenium.chrome.ChromeDriverService.access$000(ChromeDriverService.java:35)
	at org.openqa.selenium.chrome.ChromeDriverService$Builder.findDefaultExecutable(ChromeDriverService.java:159)
	at org.openqa.selenium.remote.service.DriverService$Builder.build(DriverService.java:355)
	at org.openqa.selenium.chrome.ChromeDriverService.createDefaultService(ChromeDriverService.java:94)
	at org.openqa.selenium.chrome.ChromeDriver.<init>(ChromeDriver.java:157)
	at pages.BasePage.<clinit>(BasePage.java:26)
	... 59 more
</textarea></span>
												</div>
											</div>
											<div class="st skip test l2" 
												tags=""
												devices="">
												<span class="tt">02.19.2022 16:45:26</span>&nbsp;
												<span class="ts">skip</span>&nbsp;&nbsp;
												<span class="tn">&nbsp;&nbsp;&nbsp;&nbsp;|---[When I enter a search criteria] started</span>
												
												<div class="st skip">
													<span class="tt">02.19.2022 16:45:26</span>&nbsp;
													<span class="ts">skip</span>&nbsp;&nbsp; 
													<span class="tn">&nbsp;&nbsp;&nbsp;&nbsp;|---[When I enter a search criteria]</span>
													
													<span class="td">Step skipped</span>
												</div>
											</div>
											<div class="st skip test l2" 
												tags=""
												devices="">
												<span class="tt">02.19.2022 16:45:26</span>&nbsp;
												<span class="ts">skip</span>&nbsp;&nbsp;
												<span class="tn">&nbsp;&nbsp;&nbsp;&nbsp;|---[And Click on the search button] started</span>
												
												<div class="st skip">
													<span class="tt">02.19.2022 16:45:26</span>&nbsp;
													<span class="ts">skip</span>&nbsp;&nbsp; 
													<span class="tn">&nbsp;&nbsp;&nbsp;&nbsp;|---[And Click on the search button]</span>
													
													<span class="td">Step skipped</span>
												</div>
											</div>
											<div class="st skip test l2" 
												tags=""
												devices="">
												<span class="tt">02.19.2022 16:45:26</span>&nbsp;
												<span class="ts">skip</span>&nbsp;&nbsp;
												<span class="tn">&nbsp;&nbsp;&nbsp;&nbsp;|---[Then The results match the criteria] started</span>
												
												<div class="st skip">
													<span class="tt">02.19.2022 16:45:26</span>&nbsp;
													<span class="ts">skip</span>&nbsp;&nbsp; 
													<span class="tn">&nbsp;&nbsp;&nbsp;&nbsp;|---[Then The results match the criteria]</span>
													
													<span class="td">Step skipped</span>
												</div>
											</div>
											<div class="st fail test l2" 
												tags=""
												devices="">
												<span class="tt">02.19.2022 16:45:26</span>&nbsp;
												<span class="ts">fail</span>&nbsp;&nbsp;
												<span class="tn">&nbsp;&nbsp;&nbsp;&nbsp;|---[Hooks.tearDown(Scenario)] started</span>
												
												<div class="st fail">
													<span class="tt">02.19.2022 16:45:26</span>&nbsp;
													<span class="ts">fail</span>&nbsp;&nbsp; 
													<span class="tn">&nbsp;&nbsp;&nbsp;&nbsp;|---[Hooks.tearDown(Scenario)]</span>
													
													<span class="td">threw an exception<br><textarea disabled class="code-block">java.lang.NoClassDefFoundError: Could not initialize class pages.BasePage
	at java.base/jdk.internal.reflect.NativeConstructorAccessorImpl.newInstance0(Native Method)
	at java.base/jdk.internal.reflect.NativeConstructorAccessorImpl.newInstance(NativeConstructorAccessorImpl.java:62)
	at java.base/jdk.internal.reflect.DelegatingConstructorAccessorImpl.newInstance(DelegatingConstructorAccessorImpl.java:45)
	at java.base/java.lang.reflect.Constructor.newInstance(Constructor.java:490)
	at cucumber.runtime.java.DefaultJavaObjectFactory.cacheNewInstance(DefaultJavaObjectFactory.java:41)
	at cucumber.runtime.java.DefaultJavaObjectFactory.getInstance(DefaultJavaObjectFactory.java:33)
	at cucumber.runtime.java.JavaHookDefinition.execute(JavaHookDefinition.java:60)
	at cucumber.runner.HookDefinitionMatch.runStep(HookDefinitionMatch.java:16)
	at cucumber.runner.TestStep.executeStep(TestStep.java:63)
	at cucumber.runner.TestStep.run(TestStep.java:49)
	at cucumber.runner.TestCase.run(TestCase.java:48)
	at cucumber.runner.Runner.runPickle(Runner.java:40)
	at cucumber.runtime.junit.PickleRunners$NoStepDescriptions.run(PickleRunners.java:146)
	at cucumber.runtime.junit.FeatureRunner.runChild(FeatureRunner.java:68)
	at cucumber.runtime.junit.FeatureRunner.runChild(FeatureRunner.java:23)
	at org.junit.runners.ParentRunner$4.run(ParentRunner.java:331)
	at org.junit.runners.ParentRunner$1.schedule(ParentRunner.java:79)
	at org.junit.runners.ParentRunner.runChildren(ParentRunner.java:329)
	at org.junit.runners.ParentRunner.access$100(ParentRunner.java:66)
	at org.junit.runners.ParentRunner$2.evaluate(ParentRunner.java:293)
	at org.junit.runners.ParentRunner$3.evaluate(ParentRunner.java:306)
	at org.junit.runners.ParentRunner.run(ParentRunner.java:413)
	at cucumber.runtime.junit.FeatureRunner.run(FeatureRunner.java:73)
	at cucumber.api.junit.Cucumber.runChild(Cucumber.java:124)
	at cucumber.api.junit.Cucumber.runChild(Cucumber.java:65)
	at org.junit.runners.ParentRunner$4.run(ParentRunner.java:331)
	at org.junit.runners.ParentRunner$1.schedule(ParentRunner.java:79)
	at org.junit.runners.ParentRunner.runChildren(ParentRunner.java:329)
	at org.junit.runners.ParentRunner.access$100(ParentRunner.java:66)
	at org.junit.runners.ParentRunner$2.evaluate(ParentRunner.java:293)
	at cucumber.api.junit.Cucumber$1.evaluate(Cucumber.java:133)
	at org.junit.internal.runners.statements.RunAfters.evaluate(RunAfters.java:27)
	at org.junit.runners.ParentRunner$3.evaluate(ParentRunner.java:306)
	at org.junit.runners.ParentRunner.run(ParentRunner.java:413)
	at org.gradle.api.internal.tasks.testing.junit.JUnitTestClassExecutor.runTestClass(JUnitTestClassExecutor.java:110)
	at org.gradle.api.internal.tasks.testing.junit.JUnitTestClassExecutor.execute(JUnitTestClassExecutor.java:58)
	at org.gradle.api.internal.tasks.testing.junit.JUnitTestClassExecutor.execute(JUnitTestClassExecutor.java:38)
	at org.gradle.api.internal.tasks.testing.junit.AbstractJUnitTestClassProcessor.processTestClass(AbstractJUnitTestClassProcessor.java:62)
	at org.gradle.api.internal.tasks.testing.SuiteTestClassProcessor.processTestClass(SuiteTestClassProcessor.java:51)
	at java.base/jdk.internal.reflect.NativeMethodAccessorImpl.invoke0(Native Method)
	at java.base/jdk.internal.reflect.NativeMethodAccessorImpl.invoke(NativeMethodAccessorImpl.java:62)
	at java.base/jdk.internal.reflect.DelegatingMethodAccessorImpl.invoke(DelegatingMethodAccessorImpl.java:43)
	at java.base/java.lang.reflect.Method.invoke(Method.java:566)
	at org.gradle.internal.dispatch.ReflectionDispatch.dispatch(ReflectionDispatch.java:36)
	at org.gradle.internal.dispatch.ReflectionDispatch.dispatch(ReflectionDispatch.java:24)
	at org.gradle.internal.dispatch.ContextClassLoaderDispatch.dispatch(ContextClassLoaderDispatch.java:33)
	at org.gradle.internal.dispatch.ProxyDispatchAdapter$DispatchingInvocationHandler.invoke(ProxyDispatchAdapter.java:94)
	at com.sun.proxy.$Proxy2.processTestClass(Unknown Source)
	at org.gradle.api.internal.tasks.testing.worker.TestWorker$2.run(TestWorker.java:176)
	at org.gradle.api.internal.tasks.testing.worker.TestWorker.executeAndMaintainThreadName(TestWorker.java:129)
	at org.gradle.api.internal.tasks.testing.worker.TestWorker.execute(TestWorker.java:100)
	at org.gradle.api.internal.tasks.testing.worker.TestWorker.execute(TestWorker.java:60)
	at org.gradle.process.internal.worker.child.ActionExecutionWorker.execute(ActionExecutionWorker.java:56)
	at org.gradle.process.internal.worker.child.SystemApplicationClassLoaderWorker.call(SystemApplicationClassLoaderWorker.java:133)
	at org.gradle.process.internal.worker.child.SystemApplicationClassLoaderWorker.call(SystemApplicationClassLoaderWorker.java:71)
	at worker.org.gradle.process.internal.worker.GradleWorkerMain.run(GradleWorkerMain.java:69)
	at worker.org.gradle.process.internal.worker.GradleWorkerMain.main(GradleWorkerMain.java:74)
</textarea></span>
												</div>
											</div>
											</div>
									</div>
								</div>
							</div>
						</div>
					</div>
				</div>
			</div>
		</div>
		<script src="https://cdn.rawgit.com/extent-framework/extent-github-cdn/d74480e/logger/js/logger-scripts.js"></script>
	</body>
</html>
